<?xml version="1.0" encoding="UTF-8"?>
<testsuite name="UserDaoTest" tests="1" skipped="0" failures="0" errors="0" timestamp="2021-03-19T14:28:49" hostname="DESKTOP-A9O3JUC" time="0.525">
  <properties/>
  <testcase name="get()" classname="UserDaoTest" time="0.525"/>
  <system-out><![CDATA[]]></system-out>
  <system-err><![CDATA[]]></system-err>
</testsuite>
